<<<<<<< HEAD
2024-08-07 10:30:04 [043-VerifyUsersBelongingToASpecificGroup.test.js] [31merror[39m: No group ID available for deletion.
2024-08-07 10:30:04 [042-VerifyDeletionOfAGroup.test.js] [31merror[39m: No group ID available for verification.
2024-08-07 10:30:04 [044-Verify addingAUserToASpecificGroup.test.js] [31merror[39m: No group ID available for deletion.
2024-08-07 10:30:04 [041-VerifyTheCreationOfAGroup.test.js] [31merror[39m: No group ID available for deletion.
2024-08-07 10:53:07 [042-VerifyDeletionOfAGroup.test.js] [31merror[39m: No group ID available for verification.
2024-08-07 10:53:07 [043-VerifyUsersBelongingToASpecificGroup.test.js] [31merror[39m: No group ID available for deletion.
2024-08-07 10:53:07 [044-Verify addingAUserToASpecificGroup.test.js] [31merror[39m: No group ID available for deletion.
2024-08-07 10:53:08 [042-VerifyDeletionOfAGroup.test.js] [31merror[39m: No group ID available for verification.
2024-08-07 10:53:09 [043-VerifyUsersBelongingToASpecificGroup.test.js] [31merror[39m: No group ID available for deletion.
2024-08-07 10:53:09 [044-Verify addingAUserToASpecificGroup.test.js] [31merror[39m: No group ID available for deletion.
2024-08-07 10:53:09 [042-VerifyDeletionOfAGroup.test.js] [31merror[39m: No group ID available for verification.
2024-08-07 10:53:10 [042-VerifyDeletionOfAGroup.test.js] [31merror[39m: No group ID available for verification.
2024-08-07 10:53:10 [043-VerifyUsersBelongingToASpecificGroup.test.js] [31merror[39m: No group ID available for deletion.
2024-08-07 10:53:10 [044-Verify addingAUserToASpecificGroup.test.js] [31merror[39m: No group ID available for deletion.
2024-08-07 10:53:11 [041-VerifyTheCreationOfAGroup.test.js] [31merror[39m: No group ID available for deletion.
2024-08-07 10:53:12 [043-VerifyUsersBelongingToASpecificGroup.test.js] [31merror[39m: No group ID available for deletion.
2024-08-07 10:53:13 [044-Verify addingAUserToASpecificGroup.test.js] [31merror[39m: No group ID available for deletion.
2024-08-07 11:00:16 [041-VerifyTheCreationOfAGroup.test.js] [31merror[39m: No group ID available for deletion.
2024-08-07 11:00:16 [044-Verify addingAUserToASpecificGroup.test.js] [31merror[39m: No group ID available for deletion.
2024-08-07 11:00:16 [043-VerifyUsersBelongingToASpecificGroup.test.js] [31merror[39m: No group ID available for deletion.
2024-08-07 11:00:16 [042-VerifyDeletionOfAGroup.test.js] [31merror[39m: No group ID available for verification.
2024-08-08 12:39:33 [042-VerifyDeletionOfAGroup.test.js] [31merror[39m: No group ID available for verification.
2024-08-08 12:39:34 [044-Verify addingAUserToASpecificGroup.test.js] [31merror[39m: No group ID available for deletion.
2024-08-08 12:39:34 [041-VerifyTheCreationOfAGroup.test.js] [31merror[39m: No group ID available for deletion.
2024-08-08 12:39:34 [042-VerifyDeletionOfAGroup.test.js] [31merror[39m: No group ID available for verification.
2024-08-08 12:39:35 [043-VerifyUsersBelongingToASpecificGroup.test.js] [31merror[39m: No group ID available for deletion.
2024-08-08 12:39:35 [041-VerifyTheCreationOfAGroup.test.js] [31merror[39m: No group ID available for deletion.
2024-08-08 12:39:35 [044-Verify addingAUserToASpecificGroup.test.js] [31merror[39m: No group ID available for deletion.
2024-08-08 12:39:35 [042-VerifyDeletionOfAGroup.test.js] [31merror[39m: No group ID available for verification.
2024-08-08 12:39:36 [042-VerifyDeletionOfAGroup.test.js] [31merror[39m: No group ID available for verification.
2024-08-08 12:39:36 [043-VerifyUsersBelongingToASpecificGroup.test.js] [31merror[39m: No group ID available for deletion.
2024-08-08 12:39:37 [041-VerifyTheCreationOfAGroup.test.js] [31merror[39m: No group ID available for deletion.
2024-08-08 12:39:37 [044-Verify addingAUserToASpecificGroup.test.js] [31merror[39m: No group ID available for deletion.
2024-08-08 12:39:38 [043-VerifyUsersBelongingToASpecificGroup.test.js] [31merror[39m: No group ID available for deletion.
2024-08-08 12:46:21 [042-VerifyDeletionOfAGroup.test.js] [31merror[39m: No group ID available for verification.
2024-08-08 12:46:21 [043-VerifyUsersBelongingToASpecificGroup.test.js] [31merror[39m: No group ID available for deletion.
2024-08-08 12:46:21 [044-Verify addingAUserToASpecificGroup.test.js] [31merror[39m: No group ID available for deletion.
2024-08-08 12:46:21 [042-VerifyDeletionOfAGroup.test.js] [31merror[39m: No group ID available for verification.
2024-08-08 12:46:22 [041-VerifyTheCreationOfAGroup.test.js] [31merror[39m: No group ID available for deletion.
2024-08-08 12:46:22 [042-VerifyDeletionOfAGroup.test.js] [31merror[39m: No group ID available for verification.
2024-08-08 12:46:22 [043-VerifyUsersBelongingToASpecificGroup.test.js] [31merror[39m: No group ID available for deletion.
2024-08-08 12:46:22 [044-Verify addingAUserToASpecificGroup.test.js] [31merror[39m: No group ID available for deletion.
2024-08-08 12:46:23 [042-VerifyDeletionOfAGroup.test.js] [31merror[39m: No group ID available for verification.
2024-08-08 12:46:23 [041-VerifyTheCreationOfAGroup.test.js] [31merror[39m: No group ID available for deletion.
2024-08-08 12:46:24 [044-Verify addingAUserToASpecificGroup.test.js] [31merror[39m: No group ID available for deletion.
2024-08-08 12:46:24 [043-VerifyUsersBelongingToASpecificGroup.test.js] [31merror[39m: No group ID available for deletion.
2024-08-08 12:46:24 [041-VerifyTheCreationOfAGroup.test.js] [31merror[39m: No group ID available for deletion.
2024-08-08 12:51:43 [042-VerifyDeletionOfAGroup.test.js] [31merror[39m: No group ID available for verification.
2024-08-08 12:51:43 [044-Verify addingAUserToASpecificGroup.test.js] [31merror[39m: No group ID available for deletion.
2024-08-08 12:51:44 [042-VerifyDeletionOfAGroup.test.js] [31merror[39m: No group ID available for verification.
2024-08-08 12:51:44 [043-VerifyUsersBelongingToASpecificGroup.test.js] [31merror[39m: No group ID available for deletion.
2024-08-08 12:51:44 [041-VerifyTheCreationOfAGroup.test.js] [31merror[39m: No group ID available for deletion.
2024-08-08 12:51:45 [044-Verify addingAUserToASpecificGroup.test.js] [31merror[39m: No group ID available for deletion.
2024-08-08 12:51:45 [042-VerifyDeletionOfAGroup.test.js] [31merror[39m: No group ID available for verification.
2024-08-08 12:51:46 [043-VerifyUsersBelongingToASpecificGroup.test.js] [31merror[39m: No group ID available for deletion.
2024-08-08 12:51:46 [041-VerifyTheCreationOfAGroup.test.js] [31merror[39m: No group ID available for deletion.
2024-08-08 12:51:46 [042-VerifyDeletionOfAGroup.test.js] [31merror[39m: No group ID available for verification.
2024-08-08 12:51:46 [044-Verify addingAUserToASpecificGroup.test.js] [31merror[39m: No group ID available for deletion.
2024-08-08 12:51:47 [043-VerifyUsersBelongingToASpecificGroup.test.js] [31merror[39m: No group ID available for deletion.
2024-08-08 12:51:47 [041-VerifyTheCreationOfAGroup.test.js] [31merror[39m: No group ID available for deletion.
2024-08-08 12:51:48 [044-Verify addingAUserToASpecificGroup.test.js] [31merror[39m: No group ID available for deletion.
2024-08-08 12:51:48 [043-VerifyUsersBelongingToASpecificGroup.test.js] [31merror[39m: No group ID available for deletion.
2024-08-08 12:51:49 [041-VerifyTheCreationOfAGroup.test.js] [31merror[39m: No group ID available for deletion.
2024-08-08 13:55:18 [042-VerifyDeletionOfAGroup.test.js] [31merror[39m: No group ID available for verification.
2024-08-08 14:07:35 [042-VerifyDeletionOfAGroup.test.js] [31merror[39m: No group ID available for verification.
2024-08-08 14:07:35 [044-Verify addingAUserToASpecificGroup.test.js] [31merror[39m: No group ID available for deletion.
2024-08-08 14:07:35 [041-VerifyTheCreationOfAGroup.test.js] [31merror[39m: No group ID available for deletion.
2024-08-08 14:07:35 [043-VerifyUsersBelongingToASpecificGroup.test.js] [31merror[39m: No group ID available for deletion.
2024-08-08 14:07:35 [042-VerifyDeletionOfAGroup.test.js] [31merror[39m: No group ID available for verification.
2024-08-08 14:07:36 [042-VerifyDeletionOfAGroup.test.js] [31merror[39m: No group ID available for verification.
2024-08-08 14:07:37 [044-Verify addingAUserToASpecificGroup.test.js] [31merror[39m: No group ID available for deletion.
2024-08-08 14:07:37 [041-VerifyTheCreationOfAGroup.test.js] [31merror[39m: No group ID available for deletion.
2024-08-08 14:07:37 [043-VerifyUsersBelongingToASpecificGroup.test.js] [31merror[39m: No group ID available for deletion.
2024-08-08 14:07:37 [042-VerifyDeletionOfAGroup.test.js] [31merror[39m: No group ID available for verification.
2024-08-08 14:07:38 [043-VerifyUsersBelongingToASpecificGroup.test.js] [31merror[39m: No group ID available for deletion.
2024-08-08 14:07:38 [044-Verify addingAUserToASpecificGroup.test.js] [31merror[39m: No group ID available for deletion.
2024-08-08 14:07:38 [041-VerifyTheCreationOfAGroup.test.js] [31merror[39m: No group ID available for deletion.
2024-08-08 14:07:40 [041-VerifyTheCreationOfAGroup.test.js] [31merror[39m: No group ID available for deletion.
2024-08-08 14:07:40 [043-VerifyUsersBelongingToASpecificGroup.test.js] [31merror[39m: No group ID available for deletion.
2024-08-08 14:07:40 [044-Verify addingAUserToASpecificGroup.test.js] [31merror[39m: No group ID available for deletion.
2024-08-08 16:15:44 [044-Verify addingAUserToASpecificGroup.test.js] [31merror[39m: No group ID available for deletion.
2024-08-08 16:15:44 [043-VerifyUsersBelongingToASpecificGroup.test.js] [31merror[39m: No group ID available for deletion.
2024-08-08 16:15:45 [042-VerifyDeletionOfAGroup.test.js] [31merror[39m: No group ID available for verification.
2024-08-08 16:15:45 [041-VerifyTheCreationOfAGroup.test.js] [31merror[39m: No group ID available for deletion.
=======
2024-08-08 11:02:57 [042-VerifyDeletionOfAGroup.test.js] [31merror[39m: No group ID available for verification.
2024-08-08 11:02:58 [044-Verify addingAUserToASpecificGroup.test.js] [31merror[39m: No group ID available for deletion.
2024-08-08 11:02:58 [041-VerifyTheCreationOfAGroup.test.js] [31merror[39m: No group ID available for deletion.
2024-08-08 11:02:58 [043-VerifyUsersBelongingToASpecificGroup.test.js] [31merror[39m: No group ID available for deletion.
2024-08-08 11:02:59 [042-VerifyDeletionOfAGroup.test.js] [31merror[39m: No group ID available for verification.
2024-08-08 11:02:59 [043-VerifyUsersBelongingToASpecificGroup.test.js] [31merror[39m: No group ID available for deletion.
2024-08-08 11:02:59 [041-VerifyTheCreationOfAGroup.test.js] [31merror[39m: No group ID available for deletion.
2024-08-08 11:02:59 [044-Verify addingAUserToASpecificGroup.test.js] [31merror[39m: No group ID available for deletion.
2024-08-08 11:03:00 [042-VerifyDeletionOfAGroup.test.js] [31merror[39m: No group ID available for verification.
2024-08-08 11:03:01 [041-VerifyTheCreationOfAGroup.test.js] [31merror[39m: No group ID available for deletion.
2024-08-08 11:03:01 [043-VerifyUsersBelongingToASpecificGroup.test.js] [31merror[39m: No group ID available for deletion.
2024-08-08 11:03:01 [044-Verify addingAUserToASpecificGroup.test.js] [31merror[39m: No group ID available for deletion.
2024-08-08 11:03:01 [042-VerifyDeletionOfAGroup.test.js] [31merror[39m: No group ID available for verification.
2024-08-08 11:03:02 [041-VerifyTheCreationOfAGroup.test.js] [31merror[39m: No group ID available for deletion.
2024-08-08 11:03:02 [044-Verify addingAUserToASpecificGroup.test.js] [31merror[39m: No group ID available for deletion.
2024-08-08 11:03:02 [043-VerifyUsersBelongingToASpecificGroup.test.js] [31merror[39m: No group ID available for deletion.
2024-08-08 11:17:45 [042-VerifyDeletionOfAGroup.test.js] [31merror[39m: No group ID available for verification.
2024-08-08 11:17:46 [041-VerifyTheCreationOfAGroup.test.js] [31merror[39m: No group ID available for deletion.
2024-08-08 11:17:46 [044-Verify addingAUserToASpecificGroup.test.js] [31merror[39m: No group ID available for deletion.
2024-08-08 11:17:46 [043-VerifyUsersBelongingToASpecificGroup.test.js] [31merror[39m: No group ID available for deletion.
2024-08-08 11:17:46 [042-VerifyDeletionOfAGroup.test.js] [31merror[39m: No group ID available for verification.
2024-08-08 11:17:47 [043-VerifyUsersBelongingToASpecificGroup.test.js] [31merror[39m: No group ID available for deletion.
2024-08-08 11:17:47 [044-Verify addingAUserToASpecificGroup.test.js] [31merror[39m: No group ID available for deletion.
2024-08-08 11:17:47 [041-VerifyTheCreationOfAGroup.test.js] [31merror[39m: No group ID available for deletion.
2024-08-08 11:17:47 [042-VerifyDeletionOfAGroup.test.js] [31merror[39m: No group ID available for verification.
2024-08-08 11:17:49 [042-VerifyDeletionOfAGroup.test.js] [31merror[39m: No group ID available for verification.
2024-08-08 11:17:49 [043-VerifyUsersBelongingToASpecificGroup.test.js] [31merror[39m: No group ID available for deletion.
2024-08-08 11:17:49 [041-VerifyTheCreationOfAGroup.test.js] [31merror[39m: No group ID available for deletion.
2024-08-08 11:17:49 [044-Verify addingAUserToASpecificGroup.test.js] [31merror[39m: No group ID available for deletion.
2024-08-08 11:17:50 [043-VerifyUsersBelongingToASpecificGroup.test.js] [31merror[39m: No group ID available for deletion.
2024-08-08 11:17:50 [044-Verify addingAUserToASpecificGroup.test.js] [31merror[39m: No group ID available for deletion.
2024-08-08 11:17:50 [041-VerifyTheCreationOfAGroup.test.js] [31merror[39m: No group ID available for deletion.
2024-08-08 11:18:40 [042-VerifyDeletionOfAGroup.test.js] [31merror[39m: No group ID available for verification.
2024-08-08 11:18:40 [043-VerifyUsersBelongingToASpecificGroup.test.js] [31merror[39m: No group ID available for deletion.
2024-08-08 11:18:40 [044-Verify addingAUserToASpecificGroup.test.js] [31merror[39m: No group ID available for deletion.
2024-08-08 11:18:40 [041-VerifyTheCreationOfAGroup.test.js] [31merror[39m: No group ID available for deletion.
2024-08-08 11:18:41 [042-VerifyDeletionOfAGroup.test.js] [31merror[39m: No group ID available for verification.
2024-08-08 11:18:41 [044-Verify addingAUserToASpecificGroup.test.js] [31merror[39m: No group ID available for deletion.
2024-08-08 11:18:41 [043-VerifyUsersBelongingToASpecificGroup.test.js] [31merror[39m: No group ID available for deletion.
2024-08-08 11:18:42 [041-VerifyTheCreationOfAGroup.test.js] [31merror[39m: No group ID available for deletion.
2024-08-08 11:18:42 [042-VerifyDeletionOfAGroup.test.js] [31merror[39m: No group ID available for verification.
2024-08-08 11:18:43 [044-Verify addingAUserToASpecificGroup.test.js] [31merror[39m: No group ID available for deletion.
2024-08-08 11:18:43 [043-VerifyUsersBelongingToASpecificGroup.test.js] [31merror[39m: No group ID available for deletion.
2024-08-08 11:18:43 [041-VerifyTheCreationOfAGroup.test.js] [31merror[39m: No group ID available for deletion.
2024-08-08 11:18:44 [042-VerifyDeletionOfAGroup.test.js] [31merror[39m: No group ID available for verification.
2024-08-08 11:18:44 [043-VerifyUsersBelongingToASpecificGroup.test.js] [31merror[39m: No group ID available for deletion.
2024-08-08 11:18:44 [044-Verify addingAUserToASpecificGroup.test.js] [31merror[39m: No group ID available for deletion.
2024-08-08 11:18:44 [041-VerifyTheCreationOfAGroup.test.js] [31merror[39m: No group ID available for deletion.
2024-08-08 11:19:34 [042-VerifyDeletionOfAGroup.test.js] [31merror[39m: No group ID available for verification.
2024-08-08 11:37:17 [041-VerifyTheCreationOfAGroup.test.js] [31merror[39m: No group ID available for deletion.
2024-08-08 12:20:16 [044-Verify addingAUserToASpecificGroup.test.js] [31merror[39m: No group ID available for deletion.
2024-08-08 12:20:19 [044-Verify addingAUserToASpecificGroup.test.js] [31merror[39m: No group ID available for deletion.
2024-08-08 16:01:12 [043-VerifyUsersBelongingToASpecificGroup.test.js] [31merror[39m: No group ID available for deletion.
2024-08-08 16:01:12 [044-Verify addingAUserToASpecificGroup.test.js] [31merror[39m: No group ID available for deletion.
2024-08-08 16:01:12 [041-VerifyTheCreationOfAGroup.test.js] [31merror[39m: No group ID available for deletion.
<<<<<<< HEAD
>>>>>>> 02190e110a7f7c651409a174bd44bb38e4ababd2
2024-08-09 12:46:25 [042-VerifyDeletionOfAGroup.test.js] [31merror[39m: No group ID available for verification.
2024-08-09 12:46:26 [043-VerifyUsersBelongingToASpecificGroup.test.js] [31merror[39m: No group ID available for deletion.
2024-08-09 12:46:26 [044-Verify addingAUserToASpecificGroup.test.js] [31merror[39m: No group ID available for deletion.
2024-08-09 12:46:26 [041-VerifyTheCreationOfAGroup.test.js] [31merror[39m: No group ID available for deletion.
2024-08-09 12:46:26 [042-VerifyDeletionOfAGroup.test.js] [31merror[39m: No group ID available for verification.
2024-08-09 12:46:27 [043-VerifyUsersBelongingToASpecificGroup.test.js] [31merror[39m: No group ID available for deletion.
2024-08-09 12:46:27 [044-Verify addingAUserToASpecificGroup.test.js] [31merror[39m: No group ID available for deletion.
2024-08-09 12:46:27 [042-VerifyDeletionOfAGroup.test.js] [31merror[39m: No group ID available for verification.
2024-08-09 12:46:27 [041-VerifyTheCreationOfAGroup.test.js] [31merror[39m: No group ID available for deletion.
2024-08-09 12:46:28 [042-VerifyDeletionOfAGroup.test.js] [31merror[39m: No group ID available for verification.
2024-08-09 12:46:28 [044-Verify addingAUserToASpecificGroup.test.js] [31merror[39m: No group ID available for deletion.
2024-08-09 12:46:28 [043-VerifyUsersBelongingToASpecificGroup.test.js] [31merror[39m: No group ID available for deletion.
2024-08-09 12:46:29 [041-VerifyTheCreationOfAGroup.test.js] [31merror[39m: No group ID available for deletion.
2024-08-09 12:46:30 [041-VerifyTheCreationOfAGroup.test.js] [31merror[39m: No group ID available for deletion.
2024-08-09 12:46:30 [044-Verify addingAUserToASpecificGroup.test.js] [31merror[39m: No group ID available for deletion.
2024-08-09 12:46:30 [043-VerifyUsersBelongingToASpecificGroup.test.js] [31merror[39m: No group ID available for deletion.
2024-08-09 12:46:58 [042-VerifyDeletionOfAGroup.test.js] [31merror[39m: No group ID available for verification.
2024-08-09 12:46:58 [043-VerifyUsersBelongingToASpecificGroup.test.js] [31merror[39m: No group ID available for deletion.
2024-08-09 12:46:58 [041-VerifyTheCreationOfAGroup.test.js] [31merror[39m: No group ID available for deletion.
2024-08-09 12:46:58 [044-Verify addingAUserToASpecificGroup.test.js] [31merror[39m: No group ID available for deletion.
2024-08-09 12:46:59 [042-VerifyDeletionOfAGroup.test.js] [31merror[39m: No group ID available for verification.
2024-08-09 12:46:59 [043-VerifyUsersBelongingToASpecificGroup.test.js] [31merror[39m: No group ID available for deletion.
2024-08-09 12:46:59 [041-VerifyTheCreationOfAGroup.test.js] [31merror[39m: No group ID available for deletion.
2024-08-09 12:46:59 [042-VerifyDeletionOfAGroup.test.js] [31merror[39m: No group ID available for verification.
2024-08-09 12:47:00 [044-Verify addingAUserToASpecificGroup.test.js] [31merror[39m: No group ID available for deletion.
2024-08-09 12:47:01 [042-VerifyDeletionOfAGroup.test.js] [31merror[39m: No group ID available for verification.
2024-08-09 12:47:01 [043-VerifyUsersBelongingToASpecificGroup.test.js] [31merror[39m: No group ID available for deletion.
2024-08-09 12:47:01 [041-VerifyTheCreationOfAGroup.test.js] [31merror[39m: No group ID available for deletion.
2024-08-09 12:47:01 [044-Verify addingAUserToASpecificGroup.test.js] [31merror[39m: No group ID available for deletion.
2024-08-09 12:47:02 [041-VerifyTheCreationOfAGroup.test.js] [31merror[39m: No group ID available for deletion.
2024-08-09 12:47:02 [043-VerifyUsersBelongingToASpecificGroup.test.js] [31merror[39m: No group ID available for deletion.
2024-08-09 12:47:02 [044-Verify addingAUserToASpecificGroup.test.js] [31merror[39m: No group ID available for deletion.
2024-08-09 12:47:31 [042-VerifyDeletionOfAGroup.test.js] [31merror[39m: No group ID available for verification.
2024-08-09 12:47:32 [041-VerifyTheCreationOfAGroup.test.js] [31merror[39m: No group ID available for deletion.
2024-08-09 12:47:32 [043-VerifyUsersBelongingToASpecificGroup.test.js] [31merror[39m: No group ID available for deletion.
2024-08-09 12:47:32 [042-VerifyDeletionOfAGroup.test.js] [31merror[39m: No group ID available for verification.
2024-08-09 12:47:33 [044-Verify addingAUserToASpecificGroup.test.js] [31merror[39m: No group ID available for deletion.
2024-08-09 12:47:33 [041-VerifyTheCreationOfAGroup.test.js] [31merror[39m: No group ID available for deletion.
2024-08-09 12:47:33 [043-VerifyUsersBelongingToASpecificGroup.test.js] [31merror[39m: No group ID available for deletion.
2024-08-09 12:47:33 [042-VerifyDeletionOfAGroup.test.js] [31merror[39m: No group ID available for verification.
2024-08-09 12:47:34 [044-Verify addingAUserToASpecificGroup.test.js] [31merror[39m: No group ID available for deletion.
2024-08-09 12:47:34 [042-VerifyDeletionOfAGroup.test.js] [31merror[39m: No group ID available for verification.
2024-08-09 12:47:35 [041-VerifyTheCreationOfAGroup.test.js] [31merror[39m: No group ID available for deletion.
2024-08-09 12:47:35 [043-VerifyUsersBelongingToASpecificGroup.test.js] [31merror[39m: No group ID available for deletion.
2024-08-09 12:47:36 [044-Verify addingAUserToASpecificGroup.test.js] [31merror[39m: No group ID available for deletion.
2024-08-09 12:47:36 [041-VerifyTheCreationOfAGroup.test.js] [31merror[39m: No group ID available for deletion.
2024-08-09 12:47:36 [043-VerifyUsersBelongingToASpecificGroup.test.js] [31merror[39m: No group ID available for deletion.
2024-08-09 12:49:58 [042-VerifyDeletionOfAGroup.test.js] [31merror[39m: No group ID available for verification.
2024-08-09 12:49:58 [043-VerifyUsersBelongingToASpecificGroup.test.js] [31merror[39m: No group ID available for deletion.
2024-08-09 12:49:58 [044-Verify addingAUserToASpecificGroup.test.js] [31merror[39m: No group ID available for deletion.
2024-08-09 12:49:58 [041-VerifyTheCreationOfAGroup.test.js] [31merror[39m: No group ID available for deletion.
2024-08-09 12:49:59 [042-VerifyDeletionOfAGroup.test.js] [31merror[39m: No group ID available for verification.
2024-08-09 12:50:00 [043-VerifyUsersBelongingToASpecificGroup.test.js] [31merror[39m: No group ID available for deletion.
2024-08-09 12:50:00 [041-VerifyTheCreationOfAGroup.test.js] [31merror[39m: No group ID available for deletion.
2024-08-09 12:50:00 [042-VerifyDeletionOfAGroup.test.js] [31merror[39m: No group ID available for verification.
2024-08-09 12:50:00 [044-Verify addingAUserToASpecificGroup.test.js] [31merror[39m: No group ID available for deletion.
2024-08-09 12:50:01 [042-VerifyDeletionOfAGroup.test.js] [31merror[39m: No group ID available for verification.
2024-08-09 12:50:01 [043-VerifyUsersBelongingToASpecificGroup.test.js] [31merror[39m: No group ID available for deletion.
2024-08-09 12:50:01 [041-VerifyTheCreationOfAGroup.test.js] [31merror[39m: No group ID available for deletion.
2024-08-09 12:50:01 [044-Verify addingAUserToASpecificGroup.test.js] [31merror[39m: No group ID available for deletion.
2024-08-09 12:50:02 [041-VerifyTheCreationOfAGroup.test.js] [31merror[39m: No group ID available for deletion.
2024-08-09 12:50:03 [043-VerifyUsersBelongingToASpecificGroup.test.js] [31merror[39m: No group ID available for deletion.
2024-08-09 12:50:03 [044-Verify addingAUserToASpecificGroup.test.js] [31merror[39m: No group ID available for deletion.
2024-08-09 12:50:51 [042-VerifyDeletionOfAGroup.test.js] [31merror[39m: No group ID available for verification.
2024-08-09 12:50:51 [043-VerifyUsersBelongingToASpecificGroup.test.js] [31merror[39m: No group ID available for deletion.
2024-08-09 12:50:51 [041-VerifyTheCreationOfAGroup.test.js] [31merror[39m: No group ID available for deletion.
2024-08-09 12:50:51 [044-Verify addingAUserToASpecificGroup.test.js] [31merror[39m: No group ID available for deletion.
2024-08-09 12:50:52 [042-VerifyDeletionOfAGroup.test.js] [31merror[39m: No group ID available for verification.
2024-08-09 12:50:53 [043-VerifyUsersBelongingToASpecificGroup.test.js] [31merror[39m: No group ID available for deletion.
2024-08-09 12:50:53 [042-VerifyDeletionOfAGroup.test.js] [31merror[39m: No group ID available for verification.
2024-08-09 12:50:53 [041-VerifyTheCreationOfAGroup.test.js] [31merror[39m: No group ID available for deletion.
2024-08-09 12:50:53 [044-Verify addingAUserToASpecificGroup.test.js] [31merror[39m: No group ID available for deletion.
2024-08-09 12:50:54 [042-VerifyDeletionOfAGroup.test.js] [31merror[39m: No group ID available for verification.
2024-08-09 12:50:54 [043-VerifyUsersBelongingToASpecificGroup.test.js] [31merror[39m: No group ID available for deletion.
2024-08-09 12:50:54 [041-VerifyTheCreationOfAGroup.test.js] [31merror[39m: No group ID available for deletion.
2024-08-09 12:50:54 [044-Verify addingAUserToASpecificGroup.test.js] [31merror[39m: No group ID available for deletion.
2024-08-09 12:50:55 [043-VerifyUsersBelongingToASpecificGroup.test.js] [31merror[39m: No group ID available for deletion.
2024-08-09 12:50:55 [041-VerifyTheCreationOfAGroup.test.js] [31merror[39m: No group ID available for deletion.
2024-08-09 12:50:56 [044-Verify addingAUserToASpecificGroup.test.js] [31merror[39m: No group ID available for deletion.
2024-08-09 12:51:03 [042-VerifyDeletionOfAGroup.test.js] [31merror[39m: No group ID available for verification.
2024-08-09 12:51:03 [044-Verify addingAUserToASpecificGroup.test.js] [31merror[39m: No group ID available for deletion.
2024-08-09 12:51:04 [043-VerifyUsersBelongingToASpecificGroup.test.js] [31merror[39m: No group ID available for deletion.
2024-08-09 12:51:04 [042-VerifyDeletionOfAGroup.test.js] [31merror[39m: No group ID available for verification.
2024-08-09 12:51:04 [041-VerifyTheCreationOfAGroup.test.js] [31merror[39m: No group ID available for deletion.
2024-08-09 12:51:05 [044-Verify addingAUserToASpecificGroup.test.js] [31merror[39m: No group ID available for deletion.
2024-08-09 12:51:05 [043-VerifyUsersBelongingToASpecificGroup.test.js] [31merror[39m: No group ID available for deletion.
2024-08-09 12:51:05 [042-VerifyDeletionOfAGroup.test.js] [31merror[39m: No group ID available for verification.
2024-08-09 12:51:06 [041-VerifyTheCreationOfAGroup.test.js] [31merror[39m: No group ID available for deletion.
2024-08-09 12:51:06 [042-VerifyDeletionOfAGroup.test.js] [31merror[39m: No group ID available for verification.
2024-08-09 12:51:06 [044-Verify addingAUserToASpecificGroup.test.js] [31merror[39m: No group ID available for deletion.
2024-08-09 12:51:06 [043-VerifyUsersBelongingToASpecificGroup.test.js] [31merror[39m: No group ID available for deletion.
2024-08-09 12:51:07 [041-VerifyTheCreationOfAGroup.test.js] [31merror[39m: No group ID available for deletion.
2024-08-09 12:51:07 [044-Verify addingAUserToASpecificGroup.test.js] [31merror[39m: No group ID available for deletion.
2024-08-09 12:51:08 [043-VerifyUsersBelongingToASpecificGroup.test.js] [31merror[39m: No group ID available for deletion.
2024-08-09 12:55:12 [042-VerifyDeletionOfAGroup.test.js] [31merror[39m: No group ID available for verification.
2024-08-09 12:55:13 [041-VerifyTheCreationOfAGroup.test.js] [31merror[39m: No group ID available for deletion.
2024-08-09 12:55:13 [043-VerifyUsersBelongingToASpecificGroup.test.js] [31merror[39m: No group ID available for deletion.
2024-08-09 12:55:13 [044-Verify addingAUserToASpecificGroup.test.js] [31merror[39m: No group ID available for deletion.
2024-08-09 12:55:13 [042-VerifyDeletionOfAGroup.test.js] [31merror[39m: No group ID available for verification.
2024-08-09 12:55:14 [041-VerifyTheCreationOfAGroup.test.js] [31merror[39m: No group ID available for deletion.
2024-08-09 12:55:14 [042-VerifyDeletionOfAGroup.test.js] [31merror[39m: No group ID available for verification.
2024-08-09 12:55:14 [044-Verify addingAUserToASpecificGroup.test.js] [31merror[39m: No group ID available for deletion.
2024-08-09 12:55:14 [043-VerifyUsersBelongingToASpecificGroup.test.js] [31merror[39m: No group ID available for deletion.
2024-08-09 12:55:15 [042-VerifyDeletionOfAGroup.test.js] [31merror[39m: No group ID available for verification.
2024-08-09 12:55:15 [041-VerifyTheCreationOfAGroup.test.js] [31merror[39m: No group ID available for deletion.
2024-08-09 12:55:16 [044-Verify addingAUserToASpecificGroup.test.js] [31merror[39m: No group ID available for deletion.
2024-08-09 12:55:16 [043-VerifyUsersBelongingToASpecificGroup.test.js] [31merror[39m: No group ID available for deletion.
2024-08-09 12:55:16 [041-VerifyTheCreationOfAGroup.test.js] [31merror[39m: No group ID available for deletion.
2024-08-09 12:55:17 [044-Verify addingAUserToASpecificGroup.test.js] [31merror[39m: No group ID available for deletion.
2024-08-09 12:59:16 [042-VerifyDeletionOfAGroup.test.js] [31merror[39m: No group ID available for verification.
2024-08-09 12:59:16 [043-VerifyUsersBelongingToASpecificGroup.test.js] [31merror[39m: No group ID available for deletion.
2024-08-09 12:59:16 [044-Verify addingAUserToASpecificGroup.test.js] [31merror[39m: No group ID available for deletion.
2024-08-09 12:59:17 [041-VerifyTheCreationOfAGroup.test.js] [31merror[39m: No group ID available for deletion.
2024-08-09 12:59:17 [042-VerifyDeletionOfAGroup.test.js] [31merror[39m: No group ID available for verification.
2024-08-09 12:59:18 [043-VerifyUsersBelongingToASpecificGroup.test.js] [31merror[39m: No group ID available for deletion.
2024-08-09 12:59:18 [044-Verify addingAUserToASpecificGroup.test.js] [31merror[39m: No group ID available for deletion.
2024-08-09 12:59:18 [041-VerifyTheCreationOfAGroup.test.js] [31merror[39m: No group ID available for deletion.
2024-08-09 12:59:18 [042-VerifyDeletionOfAGroup.test.js] [31merror[39m: No group ID available for verification.
2024-08-09 12:59:19 [042-VerifyDeletionOfAGroup.test.js] [31merror[39m: No group ID available for verification.
2024-08-09 12:59:19 [043-VerifyUsersBelongingToASpecificGroup.test.js] [31merror[39m: No group ID available for deletion.
2024-08-09 12:59:19 [044-Verify addingAUserToASpecificGroup.test.js] [31merror[39m: No group ID available for deletion.
2024-08-09 12:59:19 [041-VerifyTheCreationOfAGroup.test.js] [31merror[39m: No group ID available for deletion.
2024-08-09 12:59:20 [041-VerifyTheCreationOfAGroup.test.js] [31merror[39m: No group ID available for deletion.
2024-08-09 12:59:20 [043-VerifyUsersBelongingToASpecificGroup.test.js] [31merror[39m: No group ID available for deletion.
2024-08-09 12:59:21 [044-Verify addingAUserToASpecificGroup.test.js] [31merror[39m: No group ID available for deletion.
2024-08-09 13:26:30 [042-VerifyDeletionOfAGroup.test.js] [31merror[39m: No group ID available for verification.
2024-08-09 13:26:30 [044-Verify addingAUserToASpecificGroup.test.js] [31merror[39m: No group ID available for deletion.
2024-08-09 13:26:30 [043-VerifyUsersBelongingToASpecificGroup.test.js] [31merror[39m: No group ID available for deletion.
2024-08-09 13:26:30 [041-VerifyTheCreationOfAGroup.test.js] [31merror[39m: No group ID available for deletion.
2024-08-09 13:26:31 [042-VerifyDeletionOfAGroup.test.js] [31merror[39m: No group ID available for verification.
2024-08-09 13:26:32 [043-VerifyUsersBelongingToASpecificGroup.test.js] [31merror[39m: No group ID available for deletion.
2024-08-09 13:26:32 [042-VerifyDeletionOfAGroup.test.js] [31merror[39m: No group ID available for verification.
2024-08-09 13:26:32 [044-Verify addingAUserToASpecificGroup.test.js] [31merror[39m: No group ID available for deletion.
2024-08-09 13:26:32 [041-VerifyTheCreationOfAGroup.test.js] [31merror[39m: No group ID available for deletion.
2024-08-09 13:26:32 [042-VerifyDeletionOfAGroup.test.js] [31merror[39m: No group ID available for verification.
2024-08-09 13:26:33 [043-VerifyUsersBelongingToASpecificGroup.test.js] [31merror[39m: No group ID available for deletion.
2024-08-09 13:26:33 [044-Verify addingAUserToASpecificGroup.test.js] [31merror[39m: No group ID available for deletion.
2024-08-09 13:26:33 [041-VerifyTheCreationOfAGroup.test.js] [31merror[39m: No group ID available for deletion.
2024-08-09 13:26:34 [043-VerifyUsersBelongingToASpecificGroup.test.js] [31merror[39m: No group ID available for deletion.
2024-08-09 13:26:34 [044-Verify addingAUserToASpecificGroup.test.js] [31merror[39m: No group ID available for deletion.
2024-08-09 13:26:35 [041-VerifyTheCreationOfAGroup.test.js] [31merror[39m: No group ID available for deletion.
2024-08-09 15:57:50 [042-VerifyDeletionOfAGroup.test.js] [31merror[39m: No group ID available for verification.
2024-08-09 15:57:50 [041-VerifyTheCreationOfAGroup.test.js] [31merror[39m: No group ID available for deletion.
2024-08-09 15:57:51 [044-Verify addingAUserToASpecificGroup.test.js] [31merror[39m: No group ID available for deletion.
2024-08-09 15:57:51 [042-VerifyDeletionOfAGroup.test.js] [31merror[39m: No group ID available for verification.
2024-08-09 15:57:51 [043-VerifyUsersBelongingToASpecificGroup.test.js] [31merror[39m: No group ID available for deletion.
2024-08-09 15:57:51 [041-VerifyTheCreationOfAGroup.test.js] [31merror[39m: No group ID available for deletion.
2024-08-09 15:57:52 [042-VerifyDeletionOfAGroup.test.js] [31merror[39m: No group ID available for verification.
2024-08-09 15:57:52 [044-Verify addingAUserToASpecificGroup.test.js] [31merror[39m: No group ID available for deletion.
2024-08-09 15:57:52 [043-VerifyUsersBelongingToASpecificGroup.test.js] [31merror[39m: No group ID available for deletion.
2024-08-09 15:57:53 [042-VerifyDeletionOfAGroup.test.js] [31merror[39m: No group ID available for verification.
2024-08-09 15:57:53 [041-VerifyTheCreationOfAGroup.test.js] [31merror[39m: No group ID available for deletion.
2024-08-09 15:57:53 [044-Verify addingAUserToASpecificGroup.test.js] [31merror[39m: No group ID available for deletion.
2024-08-09 15:57:54 [043-VerifyUsersBelongingToASpecificGroup.test.js] [31merror[39m: No group ID available for deletion.
2024-08-09 15:57:54 [041-VerifyTheCreationOfAGroup.test.js] [31merror[39m: No group ID available for deletion.
2024-08-09 15:57:55 [044-Verify addingAUserToASpecificGroup.test.js] [31merror[39m: No group ID available for deletion.
2024-08-09 15:57:55 [043-VerifyUsersBelongingToASpecificGroup.test.js] [31merror[39m: No group ID available for deletion.
=======
2024-08-09 16:18:37 [042-VerifyDeletionOfAGroup.test.js] [31merror[39m: No group ID available for verification.
2024-08-09 16:18:37 [043-VerifyUsersBelongingToASpecificGroup.test.js] [31merror[39m: No group ID available for deletion.
2024-08-09 16:18:37 [044-Verify addingAUserToASpecificGroup.test.js] [31merror[39m: No group ID available for deletion.
2024-08-09 16:18:38 [042-VerifyDeletionOfAGroup.test.js] [31merror[39m: No group ID available for verification.
2024-08-09 16:18:39 [043-VerifyUsersBelongingToASpecificGroup.test.js] [31merror[39m: No group ID available for deletion.
2024-08-09 16:18:39 [044-Verify addingAUserToASpecificGroup.test.js] [31merror[39m: No group ID available for deletion.
2024-08-09 16:18:40 [042-VerifyDeletionOfAGroup.test.js] [31merror[39m: No group ID available for verification.
2024-08-09 16:18:41 [043-VerifyUsersBelongingToASpecificGroup.test.js] [31merror[39m: No group ID available for deletion.
2024-08-09 16:18:41 [044-Verify addingAUserToASpecificGroup.test.js] [31merror[39m: No group ID available for deletion.
2024-08-09 16:18:41 [042-VerifyDeletionOfAGroup.test.js] [31merror[39m: No group ID available for verification.
2024-08-09 16:18:42 [043-VerifyUsersBelongingToASpecificGroup.test.js] [31merror[39m: No group ID available for deletion.
2024-08-09 16:18:43 [044-Verify addingAUserToASpecificGroup.test.js] [31merror[39m: No group ID available for deletion.
2024-08-09 16:21:11 [044-Verify addingAUserToASpecificGroup.test.js] [31merror[39m: User  712020:d15a1605-4430-4b91-a7b1-5c958b6ff0bc was not found in group 5057545b-42ac-4588-a431-140ca62256fa.
2024-08-09 16:21:14 [044-Verify addingAUserToASpecificGroup.test.js] [31merror[39m: User  712020:d15a1605-4430-4b91-a7b1-5c958b6ff0bc was not found in group 74f3cf39-34cd-474d-af84-70d22c179a6a.
2024-08-09 16:21:17 [044-Verify addingAUserToASpecificGroup.test.js] [31merror[39m: User  712020:d15a1605-4430-4b91-a7b1-5c958b6ff0bc was not found in group 7cc6270f-8070-4a16-8104-146bfe22fe0c.
>>>>>>> 2f8cd63f8b2856252f1136ecb476f06291be2bc7
2024-08-09 19:30:49 [041-VerifyTheCreationOfAGroup.test.js] [31merror[39m: No group ID available for deletion.
2024-08-09 19:30:50 [041-VerifyTheCreationOfAGroup.test.js] [31merror[39m: No group ID available for deletion.
2024-08-09 19:30:51 [041-VerifyTheCreationOfAGroup.test.js] [31merror[39m: No group ID available for deletion.
2024-08-09 19:30:52 [041-VerifyTheCreationOfAGroup.test.js] [31merror[39m: No group ID available for deletion.
2024-08-09 19:35:51 [041-VerifyTheCreationOfAGroup.test.js] [31merror[39m: No group ID available for deletion.
2024-08-09 19:36:59 [041-VerifyTheCreationOfAGroup.test.js] [31merror[39m: No group ID available for deletion.
2024-08-09 21:22:27 [045 - VerifyRemovalOfUserFromSpecificGroup.test.js] [31merror[39m: No group ID available for deletion.
2024-08-09 21:39:40 [045 - VerifyRemovalOfUserFromSpecificGroup.test.js] [31merror[39m: Error in test: null for uri: https://modulo-contas-jala-ds2.atlassian.net/rest/api/3/rest/api/3/group/user?groupId=8949b2c1-7a99-4ca8-b163-8751b0f08862&accountId=712020:d15a1605-4430-4b91-a7b1-5c958b6ff0bc
2024-08-09 22:02:22 [045 - VerifyRemovalOfUserFromSpecificGroup.test.js] [31merror[39m: Error in test: [2mexpect([22m[31mreceived[39m[2m).[22mtoBe[2m([22m[32mexpected[39m[2m) // Object.is equality[22m

Expected: [32m204[39m
Received: [31m200[39m
2024-08-09 22:03:32 [045 - VerifyRemovalOfUserFromSpecificGroup.test.js] [31merror[39m: No group ID available for deletion.
2024-08-09 22:04:42 [045 - VerifyRemovalOfUserFromSpecificGroup.test.js] [31merror[39m: -schemaValidator- Response does not match schema. Validation errors:
2024-08-09 22:07:58 [045 - VerifyRemovalOfUserFromSpecificGroup.test.js] [31merror[39m: -schemaValidator- Response does not match schema. Validation errors:
2024-08-09 22:20:55 [045 - VerifyRemovalOfUserFromSpecificGroup.test.js] [31merror[39m: -schemaValidator- Response does not match schema. Validation errors:
2024-08-09 22:22:21 [045 - VerifyRemovalOfUserFromSpecificGroup.test.js] [31merror[39m: -schemaValidator- Response does not match schema. Validation errors:
2024-08-09 22:23:01 [045 - VerifyRemovalOfUserFromSpecificGroup.test.js] [31merror[39m: -schemaValidator- Response does not match schema. Validation errors:
2024-08-09 22:24:11 [045 - VerifyRemovalOfUserFromSpecificGroup.test.js] [31merror[39m: -schemaValidator- Response does not match schema. Validation errors:
2024-08-09 22:37:41 [046 - VerifyExistingGroupsThroughSearch.test.js] [31merror[39m: -schemaValidator- Response does not match schema. Validation errors:
2024-08-09 22:39:35 [046 - VerifyExistingGroupsThroughSearch.test.js] [31merror[39m: -schemaValidator- Response does not match schema. Validation errors:
2024-08-09 23:21:22 [046 - VerifyExistingGroupsThroughSearch.test.js] [31merror[39m: -schemaValidator- Response does not match schema. Validation errors:
2024-08-09 23:21:36 [046 - VerifyExistingGroupsThroughSearch.test.js] [31merror[39m: -schemaValidator- Response does not match schema. Validation errors:
2024-08-10 10:43:50 [042-VerifyDeletionOfAGroup.test.js] [31merror[39m: No group ID available for verification.
2024-08-10 10:43:51 [042-VerifyDeletionOfAGroup.test.js] [31merror[39m: No group ID available for verification.
2024-08-10 10:43:56 [044-Verify addingAUserToASpecificGroup.test.js] [31merror[39m: No group ID available for deletion.
2024-08-10 10:43:58 [043-VerifyUsersBelongingToASpecificGroup.test.js] [31merror[39m: No group ID available for deletion.
2024-08-10 10:43:58 [045 - VerifyRemovalOfUserFromSpecificGroup.test.js] [31merror[39m: No group ID available for deletion.
2024-08-10 10:43:58 [046 - VerifyExistingGroupsThroughSearch.test.js] [31merror[39m: No group ID available for deletion.
2024-08-10 11:14:15 [041-VerifyTheCreationOfAGroup.test.js] [31merror[39m: No group ID available for deletion.
2024-08-10 11:14:15 [011-Checkwhetheranewprojectcanbecreatedsuccessfully.test.js] [31merror[39m: No project ID available for deletion.
2024-08-10 11:14:15 [044-Verify addingAUserToASpecificGroup.test.js] [31merror[39m: No group ID available for deletion.
2024-08-10 11:14:17 [041-VerifyTheCreationOfAGroup.test.js] [31merror[39m: No group ID available for deletion.
2024-08-10 11:14:17 [011-Checkwhetheranewprojectcanbecreatedsuccessfully.test.js] [31merror[39m: No project ID available for deletion.
2024-08-10 11:14:18 [011-Checkwhetheranewprojectcanbecreatedsuccessfully.test.js] [31merror[39m: No project ID available for deletion.
2024-08-10 11:14:19 [011-Checkwhetheranewprojectcanbecreatedsuccessfully.test.js] [31merror[39m: No project ID available for deletion.
2024-08-10 11:14:21 [044-Verify addingAUserToASpecificGroup.test.js] [31merror[39m: No group ID available for deletion.
2024-08-10 11:14:39 [011-Checkwhetheranewprojectcanbecreatedsuccessfully.test.js] [31merror[39m: No project ID available for deletion.
2024-08-10 11:16:58 [011-Checkwhetheranewprojectcanbecreatedsuccessfully.test.js] [31merror[39m: No project ID available for deletion.
2024-08-10 11:27:45 [011-Checkwhetheranewprojectcanbecreatedsuccessfully.test.js] [31merror[39m: Error creating or verifying project:
2024-08-10 11:36:15 [043-VerifyUsersBelongingToASpecificGroup.test.js] [31merror[39m: Error during setup:
2024-08-10 11:36:15 [043-VerifyUsersBelongingToASpecificGroup.test.js] [31merror[39m: Error during test execution:
2024-08-10 11:36:15 [043-VerifyUsersBelongingToASpecificGroup.test.js] [31merror[39m: No group ID available for deletion.
2024-08-10 11:36:30 [043-VerifyUsersBelongingToASpecificGroup.test.js] [31merror[39m: Error during setup:
2024-08-10 11:36:30 [043-VerifyUsersBelongingToASpecificGroup.test.js] [31merror[39m: Error during test execution:
2024-08-10 11:36:30 [043-VerifyUsersBelongingToASpecificGroup.test.js] [31merror[39m: No group ID available for deletion.
2024-08-10 11:42:27 [043-VerifyUsersBelongingToASpecificGroup.test.js] [31merror[39m: Error during setup: Request failed with status code 400
2024-08-10 11:42:27 [043-VerifyUsersBelongingToASpecificGroup.test.js] [31merror[39m: Error during test execution: Request failed with status code 400
2024-08-10 11:42:27 [043-VerifyUsersBelongingToASpecificGroup.test.js] [31merror[39m: No group ID available for deletion.
2024-08-10 11:44:11 [043-VerifyUsersBelongingToASpecificGroup.test.js] [31merror[39m: Error during setup: Request failed with status code 400
2024-08-10 11:44:11 [043-VerifyUsersBelongingToASpecificGroup.test.js] [31merror[39m: No group ID available for verification.
2024-08-10 11:44:11 [043-VerifyUsersBelongingToASpecificGroup.test.js] [31merror[39m: No group ID available for deletion.
2024-08-10 11:47:01 [043-VerifyUsersBelongingToASpecificGroup.test.js] [31merror[39m: Error during setup: Request failed with status code 400
2024-08-10 11:47:01 [043-VerifyUsersBelongingToASpecificGroup.test.js] [31merror[39m: No group ID available for verification.
2024-08-10 11:47:01 [043-VerifyUsersBelongingToASpecificGroup.test.js] [31merror[39m: No group ID available for deletion.
2024-08-10 11:58:27 [044-Verify addingAUserToASpecificGroup.test.js] [31merror[39m: Schema validation failed: [object Object]
2024-08-10 12:04:13 [044-Verify addingAUserToASpecificGroup.test.js] [31merror[39m: Schema validation failed: must have required property 'users'
2024-08-10 12:07:07 [044-Verify addingAUserToASpecificGroup.test.js] [31merror[39m: Schema validation failed: must have required property 'users'
2024-08-10 12:08:43 [044-Verify addingAUserToASpecificGroup.test.js] [31merror[39m: Schema validation failed: must have required property 'users'
2024-08-10 12:11:31 [044-Verify addingAUserToASpecificGroup.test.js] [31merror[39m: Schema validation failed: must have required property 'users'
2024-08-10 12:12:59 [044-Verify addingAUserToASpecificGroup.test.js] [31merror[39m: The API response does not contain the `users` property or `items` array.
2024-08-11 20:57:15 [020-CreateUser.test.js] [31merror[39m: Error creating user:
2024-08-11 20:59:49 [020-CreateUser.test.js] [31merror[39m: Error creating user:
2024-08-11 21:19:06 [020-CreateUser.test.js] [31merror[39m: User schema validation failed. Validation errors:
2024-08-11 21:21:43 [020-CreateUser.test.js] [31merror[39m: User schema validation failed. Validation errors:
2024-08-11 21:24:33 [020-CreateUser.test.js] [31merror[39m: User schema validation failed. Validation errors:
2024-08-11 21:25:23 [020-CreateUser.test.js] [31merror[39m: User schema validation failed. Validation errors:
2024-08-11 21:26:04 [020-CreateUser.test.js] [31merror[39m: User schema validation failed. Validation errors:
2024-08-11 21:30:22 [020-CreateUser.test.js] [31merror[39m: User schema validation failed. Validation errors:
2024-08-11 21:31:45 [020-CreateUser.test.js] [31merror[39m: User schema validation failed. Validation errors:
2024-08-11 21:32:53 [020-CreateUser.test.js] [31merror[39m: User schema validation failed. Validation errors:
2024-08-11 21:37:09 [020-CreateUser.test.js] [31merror[39m: User schema validation failed. Validation errors:
2024-08-11 21:40:48 [020-CreateUser.test.js] [31merror[39m: User schema validation failed. Validation errors:
2024-08-11 21:42:53 [020-CreateUser.test.js] [31merror[39m: User schema validation failed. Validation errors:
2024-08-11 21:48:42 [020-CreateUser.test.js] [31merror[39m: User schema validation failed. Validation errors:
2024-08-11 21:49:55 [020-CreateUser.test.js] [31merror[39m: User schema validation failed. Validation errors:
2024-08-11 21:50:55 [020-CreateUser.test.js] [31merror[39m: User schema validation failed. Validation errors:
2024-08-11 22:02:50 [020-CreateUser.test.js] [31merror[39m: Error creating user: Request failed with status code 400
2024-08-11 22:17:34 [021-DeleteUser.test.js] [31merror[39m: Error occurred during the test: [2mexpect([22m[31mreceived[39m[2m).[22mtoBe[2m([22m[32mexpected[39m[2m) // Object.is equality[22m

Expected: [32m404[39m
Received: [31m200[39m
2024-08-11 22:17:34 [021-DeleteUser.test.js] [31merror[39m: Error occurred while trying to delete the user: Request failed with status code 401
2024-08-11 22:19:28 [021-DeleteUser.test.js] [31merror[39m: Error occurred during the test: Request failed with status code 404
2024-08-11 22:19:28 [021-DeleteUser.test.js] [31merror[39m: Error occurred while trying to delete the user: Request failed with status code 404
2024-08-11 22:20:56 [021-DeleteUser.test.js] [31merror[39m: Error occurred during the test: Request failed with status code 404
2024-08-11 22:20:56 [021-DeleteUser.test.js] [31merror[39m: Error occurred while trying to delete the user: Request failed with status code 404
2024-08-11 22:22:13 [021-DeleteUser.test.js] [31merror[39m: Error occurred during the test: Request failed with status code 404
2024-08-11 22:22:13 [021-DeleteUser.test.js] [31merror[39m: Error occurred while trying to delete the user: Request failed with status code 404
2024-08-11 22:32:13 [021-DeleteUser.test.js] [31merror[39m: Error during user deletion:
2024-08-11 22:39:21 [021-DeleteUser.test.js] [31merror[39m: Error creating user: Request failed with status code 404
2024-08-11 22:40:37 [021-DeleteUser.test.js] [31merror[39m: Error creating user: Request failed with status code 404
2024-08-11 22:46:05 [021-DeleteUser.test.js] [31merror[39m: DELETE response schema validation failed. Validation errors:
2024-08-11 22:47:21 [021-DeleteUser.test.js] [31merror[39m: DELETE response schema validation failed. Validation errors:
2024-08-12 00:40:14 [044-Verify addingAUserToASpecificGroup.test.js] [31merror[39m: No group ID available for deletion.
2024-08-12 00:40:14 [043-VerifyUsersBelongingToASpecificGroup.test.js] [31merror[39m: No group ID available for deletion.
2024-08-12 00:40:14 [045 - VerifyRemovalOfUserFromSpecificGroup.test.js] [31merror[39m: No group ID available for deletion.
2024-08-12 00:40:14 [041-VerifyTheCreationOfAGroup.test.js] [31merror[39m: No group ID available for deletion.
2024-08-12 00:40:14 [011-Checkwhetheranewprojectcanbecreatedsuccessfully.test.js] [31merror[39m: Error creating or verifying project:
2024-08-12 00:40:15 [046 - VerifyExistingGroupsThroughSearch.test.js] [31merror[39m: No group ID available for deletion.
2024-08-12 00:40:15 [042-VerifyDeletionOfAGroup.test.js] [31merror[39m: No group ID available for verification.
2024-08-12 00:40:16 [044-Verify addingAUserToASpecificGroup.test.js] [31merror[39m: No group ID available for deletion.
2024-08-12 00:40:16 [043-VerifyUsersBelongingToASpecificGroup.test.js] [31merror[39m: No group ID available for deletion.
2024-08-12 00:40:16 [045 - VerifyRemovalOfUserFromSpecificGroup.test.js] [31merror[39m: No group ID available for deletion.
2024-08-12 00:40:17 [041-VerifyTheCreationOfAGroup.test.js] [31merror[39m: No group ID available for deletion.
2024-08-12 00:40:17 [042-VerifyDeletionOfAGroup.test.js] [31merror[39m: No group ID available for verification.
2024-08-12 00:40:17 [046 - VerifyExistingGroupsThroughSearch.test.js] [31merror[39m: No group ID available for deletion.
2024-08-12 00:40:19 [042-VerifyDeletionOfAGroup.test.js] [31merror[39m: No group ID available for verification.
2024-08-12 00:40:19 [044-Verify addingAUserToASpecificGroup.test.js] [31merror[39m: No group ID available for deletion.
2024-08-12 00:40:19 [043-VerifyUsersBelongingToASpecificGroup.test.js] [31merror[39m: No group ID available for deletion.
2024-08-12 00:40:19 [045 - VerifyRemovalOfUserFromSpecificGroup.test.js] [31merror[39m: No group ID available for deletion.
2024-08-12 00:40:19 [041-VerifyTheCreationOfAGroup.test.js] [31merror[39m: No group ID available for deletion.
2024-08-12 00:40:19 [046 - VerifyExistingGroupsThroughSearch.test.js] [31merror[39m: No group ID available for deletion.
2024-08-12 00:40:21 [042-VerifyDeletionOfAGroup.test.js] [31merror[39m: No group ID available for verification.
2024-08-12 00:40:22 [044-Verify addingAUserToASpecificGroup.test.js] [31merror[39m: No group ID available for deletion.
2024-08-12 00:40:22 [043-VerifyUsersBelongingToASpecificGroup.test.js] [31merror[39m: No group ID available for deletion.
2024-08-12 00:40:22 [045 - VerifyRemovalOfUserFromSpecificGroup.test.js] [31merror[39m: No group ID available for deletion.
2024-08-12 00:40:22 [041-VerifyTheCreationOfAGroup.test.js] [31merror[39m: No group ID available for deletion.
2024-08-12 00:40:22 [046 - VerifyExistingGroupsThroughSearch.test.js] [31merror[39m: No group ID available for deletion.
2024-08-14 20:50:45 [021-DeleteUser.test.js] [31merror[39m: Response schema validation failed. Validation errors:
2024-08-14 20:55:31 [021-DeleteUser.test.js] [31merror[39m: Response schema validation failed. Validation errors:
2024-08-14 20:56:29 [021-DeleteUser.test.js] [31merror[39m: Response schema validation failed. Validation errors:
2024-08-14 20:57:19 [021-DeleteUser.test.js] [31merror[39m: Response schema validation failed. Validation errors:
2024-08-14 20:58:40 [021-DeleteUser.test.js] [31merror[39m: Response schema validation failed. Validation errors:
2024-08-14 21:04:30 [022-GetAllUsers.test.js] [31merror[39m: Response schema validation failed. Validation errors:
2024-08-14 21:07:21 [022-GetAllUsers.test.js] [31merror[39m: Response schema validation failed. Validation errors:
2024-08-14 21:08:12 [022-GetAllUsers.test.js] [31merror[39m: Response schema validation failed. Validation errors:
2024-08-14 21:09:03 [022-GetAllUsers.test.js] [31merror[39m: Response schema validation failed. Validation errors:
2024-08-14 21:09:03 [022-GetAllUsers.test.js] [31merror[39m: An error occurred during the test: Response schema validation failed
2024-08-14 21:09:40 [022-GetAllUsers.test.js] [31merror[39m: Response schema validation failed. Validation errors:
2024-08-14 21:09:40 [022-GetAllUsers.test.js] [31merror[39m: An error occurred during the test: Response schema validation failed
2024-08-14 21:31:10 [023-BulkGetUsers.test.js] [31merror[39m: Response schema validation failed. Validation errors:
2024-08-14 21:31:25 [023-BulkGetUsers.test.js] [31merror[39m: Response schema validation failed. Validation errors:
2024-08-14 21:37:36 [023-BulkGetUsers.test.js] [31merror[39m: Validation errors:
2024-08-14 21:38:21 [023-BulkGetUsers.test.js] [31merror[39m: Validation errors:
2024-08-14 21:39:21 [023-BulkGetUsers.test.js] [31merror[39m: Validation errors:
2024-08-14 21:40:53 [023-BulkGetUsers.test.js] [31merror[39m: Validation errors:
2024-08-14 21:42:21 [023-BulkGetUsers.test.js] [31merror[39m: Validation errors:
2024-08-14 21:42:32 [023-BulkGetUsers.test.js] [31merror[39m: Validation errors:
2024-08-14 21:42:52 [023-BulkGetUsers.test.js] [31merror[39m: Validation errors:
2024-08-14 21:44:01 [023-BulkGetUsers.test.js] [31merror[39m: Validation errors:
2024-08-14 21:44:18 [023-BulkGetUsers.test.js] [31merror[39m: Validation errors:
2024-08-14 21:45:41 [023-BulkGetUsers.test.js] [31merror[39m: Validation errors:
2024-08-14 21:46:49 [023-BulkGetUsers.test.js] [31merror[39m: Validation errors:
2024-08-14 21:59:12 [026-GetOneEspecificUser.test.js] [31merror[39m: Validation errors:
2024-08-14 22:01:09 [026-GetOneEspecificUser.test.js] [31merror[39m: Validation errors:
2024-08-14 22:02:56 [026-GetOneEspecificUser.test.js] [31merror[39m: Validation errors:
2024-08-14 22:04:06 [026-GetOneEspecificUser.test.js] [31merror[39m: Validation errors:
2024-08-14 22:06:05 [026-GetOneEspecificUser.test.js] [31merror[39m: Validation errors:
2024-08-14 22:06:25 [026-GetOneEspecificUser.test.js] [31merror[39m: Validation errors:
2024-08-15 08:36:07 [027-End2End.test.js] [31merror[39m: Test failed: Request failed with status code 400
2024-08-15 08:42:28 [027-End2End.test.js] [31merror[39m: Email is not defined in the environment configuration.
2024-08-15 08:46:55 [027-End2End.test.js] [31merror[39m: Error while checking or deleting user: Request failed with status code 404
2024-08-15 08:46:55 [027-End2End.test.js] [31merror[39m: Error while creating or retrieving user: Request failed with status code 404
2024-08-15 14:10:00 [018-Checkifitispossibletolisttheavailable project types.test.js] [31merror[39m: Falha na validação do esquema para a resposta dos tipos de projetos: must have required property 'id'
2024-08-15 14:10:00 [017-CheckifitispossibletosearchforaprojectbyitsID.test.js] [31merror[39m: Falha na validação do schema para criação de projeto: must have required property 'id'
2024-08-15 14:10:00 [017-CheckifitispossibletosearchforaprojectbyitsID.test.js] [31merror[39m: Nenhum ID de projeto disponível para verificação.
2024-08-15 14:10:00 [043-VerifyUsersBelongingToASpecificGroup.test.js] [31merror[39m: Failed to add user 712020:d15a1605-4430-4b91-a7b1-5c958b6ff0bc to group undefined. Status: 404
2024-08-15 14:10:00 [045 - VerifyRemovalOfUserFromSpecificGroup.test.js] [31merror[39m: Failed to add user 712020:d15a1605-4430-4b91-a7b1-5c958b6ff0bc to group undefined. Status: 404
2024-08-15 14:10:01 [046 - VerifyExistingGroupsThroughSearch.test.js] [31merror[39m: Failed to add user 712020:d15a1605-4430-4b91-a7b1-5c958b6ff0bc to group undefined. Status: 404
2024-08-15 14:10:01 [043-VerifyUsersBelongingToASpecificGroup.test.js] [31merror[39m: Schema validation failed: [object Object]
2024-08-15 14:10:01 [043-VerifyUsersBelongingToASpecificGroup.test.js] [31merror[39m: No group ID available for deletion.
2024-08-15 14:10:01 [045 - VerifyRemovalOfUserFromSpecificGroup.test.js] [31merror[39m: No group ID available for deletion.
2024-08-15 14:10:01 [044-Verify addingAUserToASpecificGroup.test.js] [31merror[39m: Failed to add user 712020:d15a1605-4430-4b91-a7b1-5c958b6ff0bc to group undefined. Status: 404
2024-08-15 14:10:01 [046 - VerifyExistingGroupsThroughSearch.test.js] [31merror[39m: No group ID available for deletion.
2024-08-15 14:10:01 [042-VerifyDeletionOfAGroup.test.js] [31merror[39m: Schema validation failed for group creation: must have required property 'groupId'
2024-08-15 14:10:01 [042-VerifyDeletionOfAGroup.test.js] [31merror[39m: No group ID available for verification.
2024-08-15 14:10:01 [044-Verify addingAUserToASpecificGroup.test.js] [31merror[39m: Schema validation failed: must have required property 'self'
2024-08-15 14:10:01 [044-Verify addingAUserToASpecificGroup.test.js] [31merror[39m: No group ID available for deletion.
2024-08-15 14:10:05 [041-VerifyTheCreationOfAGroup.test.js] [31merror[39m: Group verification failed. Status:
2024-08-15 14:10:05 [041-VerifyTheCreationOfAGroup.test.js] [31merror[39m: -schemaValidator- Group verification failed. Status:
2024-08-15 14:11:55 [018-Checkifitispossibletolisttheavailable project types.test.js] [31merror[39m: Falha na validação do esquema para a resposta dos tipos de projetos: must have required property 'id'
2024-08-15 14:11:55 [017-CheckifitispossibletosearchforaprojectbyitsID.test.js] [31merror[39m: Falha na validação do schema para criação de projeto: must have required property 'id'
2024-08-15 14:11:55 [017-CheckifitispossibletosearchforaprojectbyitsID.test.js] [31merror[39m: Nenhum ID de projeto disponível para verificação.
2024-08-15 14:11:56 [041-VerifyTheCreationOfAGroup.test.js] [31merror[39m: Group verification failed. Status:
2024-08-15 14:11:56 [041-VerifyTheCreationOfAGroup.test.js] [31merror[39m: -schemaValidator- Group verification failed. Status:
2024-08-15 14:11:56 [041-VerifyTheCreationOfAGroup.test.js] [31merror[39m: No group ID available for deletion.
2024-08-15 14:11:56 [044-Verify addingAUserToASpecificGroup.test.js] [31merror[39m: Failed to add user 712020:d15a1605-4430-4b91-a7b1-5c958b6ff0bc to group undefined. Status: 404
2024-08-15 14:11:56 [044-Verify addingAUserToASpecificGroup.test.js] [31merror[39m: Schema validation failed: must have required property 'self'
2024-08-15 14:11:56 [044-Verify addingAUserToASpecificGroup.test.js] [31merror[39m: No group ID available for deletion.
2024-08-15 14:11:56 [031-CreatingIssueProject.test.js] [31merror[39m: Failed to add user 712020:d15a1605-4430-4b91-a7b1-5c958b6ff0bc to group bf4f03f0-54f7-4e4f-a041-d59bead657ac. Status: 404
2024-08-15 14:11:56 [045 - VerifyRemovalOfUserFromSpecificGroup.test.js] [31merror[39m: Failed to add user 712020:d15a1605-4430-4b91-a7b1-5c958b6ff0bc to group bf4f03f0-54f7-4e4f-a041-d59bead657ac. Status: 404
2024-08-15 14:11:56 [043-VerifyUsersBelongingToASpecificGroup.test.js] [31merror[39m: Failed to add user 712020:d15a1605-4430-4b91-a7b1-5c958b6ff0bc to group bf4f03f0-54f7-4e4f-a041-d59bead657ac. Status: 404
2024-08-15 14:11:57 [040-DeleteCommentIssue.test.js] [31merror[39m: Failed to add user 712020:d15a1605-4430-4b91-a7b1-5c958b6ff0bc to group bf4f03f0-54f7-4e4f-a041-d59bead657ac. Status: 404
2024-08-15 14:11:57 [043-VerifyUsersBelongingToASpecificGroup.test.js] [31merror[39m: Schema validation failed: [object Object]
2024-08-15 14:11:57 [045 - VerifyRemovalOfUserFromSpecificGroup.test.js] [31merror[39m: Failed to delete group bf4f03f0-54f7-4e4f-a041-d59bead657ac. Status: 404
2024-08-15 14:11:57 [043-VerifyUsersBelongingToASpecificGroup.test.js] [31merror[39m: Failed to delete group bf4f03f0-54f7-4e4f-a041-d59bead657ac. Status: 404
2024-08-15 14:51:04 [018-Checkifitispossibletolisttheavailable project types.test.js] [31merror[39m: Falha na validação do esquema para a resposta dos tipos de projetos: must have required property 'id'
2024-08-15 14:51:05 [017-CheckifitispossibletosearchforaprojectbyitsID.test.js] [31merror[39m: Falha na validação do schema para criação de projeto: must have required property 'id'
2024-08-15 14:51:05 [017-CheckifitispossibletosearchforaprojectbyitsID.test.js] [31merror[39m: Nenhum ID de projeto disponível para verificação.
2024-08-15 14:51:05 [045 - VerifyRemovalOfUserFromSpecificGroup.test.js] [31merror[39m: Failed to add user 712020:d15a1605-4430-4b91-a7b1-5c958b6ff0bc to group undefined. Status: 404
2024-08-15 14:51:05 [043-VerifyUsersBelongingToASpecificGroup.test.js] [31merror[39m: Failed to add user 712020:d15a1605-4430-4b91-a7b1-5c958b6ff0bc to group undefined. Status: 404
2024-08-15 14:51:06 [045 - VerifyRemovalOfUserFromSpecificGroup.test.js] [31merror[39m: No group ID available for deletion.
2024-08-15 14:51:06 [043-VerifyUsersBelongingToASpecificGroup.test.js] [31merror[39m: Schema validation failed: [object Object]
2024-08-15 14:51:06 [043-VerifyUsersBelongingToASpecificGroup.test.js] [31merror[39m: No group ID available for deletion.
2024-08-15 14:51:06 [044-Verify addingAUserToASpecificGroup.test.js] [31merror[39m: Failed to add user 712020:d15a1605-4430-4b91-a7b1-5c958b6ff0bc to group 0004335f-f072-4366-be54-0b2856932381. Status: 400
2024-08-15 14:51:06 [044-Verify addingAUserToASpecificGroup.test.js] [31merror[39m: Schema validation failed: must have required property 'self'
2024-08-15 14:51:06 [031-CreatingIssueProject.test.js] [31merror[39m: Failed to add user 712020:d15a1605-4430-4b91-a7b1-5c958b6ff0bc to group 0004335f-f072-4366-be54-0b2856932381. Status: 404
2024-08-15 14:51:06 [046 - VerifyExistingGroupsThroughSearch.test.js] [31merror[39m: Failed to delete group 0004335f-f072-4366-be54-0b2856932381. Status: 404
2024-08-15 14:51:06 [044-Verify addingAUserToASpecificGroup.test.js] [31merror[39m: Failed to delete group 0004335f-f072-4366-be54-0b2856932381. Status: 404
2024-08-15 15:08:46 [018-Checkifitispossibletolisttheavailable project types.test.js] [31merror[39m: Falha na validação do esquema para a resposta dos tipos de projetos: must have required property 'id'
2024-08-15 15:08:46 [017-CheckifitispossibletosearchforaprojectbyitsID.test.js] [31merror[39m: Falha na validação do schema para criação de projeto: must have required property 'id'
2024-08-15 15:08:46 [017-CheckifitispossibletosearchforaprojectbyitsID.test.js] [31merror[39m: Nenhum ID de projeto disponível para verificação.
2024-08-15 15:08:46 [044-Verify addingAUserToASpecificGroup.test.js] [31merror[39m: Failed to add user 712020:d15a1605-4430-4b91-a7b1-5c958b6ff0bc to group undefined. Status: 404
2024-08-15 15:08:46 [043-VerifyUsersBelongingToASpecificGroup.test.js] [31merror[39m: Failed to add user 712020:d15a1605-4430-4b91-a7b1-5c958b6ff0bc to group undefined. Status: 404
2024-08-15 15:08:47 [044-Verify addingAUserToASpecificGroup.test.js] [31merror[39m: Schema validation failed: must have required property 'self'
2024-08-15 15:08:47 [044-Verify addingAUserToASpecificGroup.test.js] [31merror[39m: No group ID available for deletion.
2024-08-15 15:08:47 [043-VerifyUsersBelongingToASpecificGroup.test.js] [31merror[39m: Schema validation failed: [object Object]
2024-08-15 15:08:47 [043-VerifyUsersBelongingToASpecificGroup.test.js] [31merror[39m: No group ID available for deletion.
2024-08-15 15:08:47 [042-VerifyDeletionOfAGroup.test.js] [31merror[39m: Schema validation failed for group creation: must have required property 'groupId'
2024-08-15 15:08:47 [042-VerifyDeletionOfAGroup.test.js] [31merror[39m: No group ID available for verification.
2024-08-15 15:08:48 [046 - VerifyExistingGroupsThroughSearch.test.js] [31merror[39m: Failed to delete group 4970dec5-95b8-47ff-a042-159fc59ee870. Status: 404
2024-08-15 15:08:48 [045 - VerifyRemovalOfUserFromSpecificGroup.test.js] [31merror[39m: Group verification failed. Status: 404
2024-08-15 15:08:48 [045 - VerifyRemovalOfUserFromSpecificGroup.test.js] [31merror[39m: Failed to delete group 4970dec5-95b8-47ff-a042-159fc59ee870. Status: 404
2024-08-15 15:08:48 [041-VerifyTheCreationOfAGroup.test.js] [31merror[39m: Group verification failed. Status:
2024-08-15 15:08:48 [041-VerifyTheCreationOfAGroup.test.js] [31merror[39m: -schemaValidator- Group verification failed. Status:
2024-08-15 15:08:48 [041-VerifyTheCreationOfAGroup.test.js] [31merror[39m: No group ID available for deletion.
2024-08-15 15:20:55 [017-CheckifitispossibletosearchforaprojectbyitsID.test.js] [31merror[39m: Falha na validação do schema para criação de projeto: must have required property 'id'
2024-08-15 15:20:55 [017-CheckifitispossibletosearchforaprojectbyitsID.test.js] [31merror[39m: Nenhum ID de projeto disponível para verificação.
2024-08-15 15:20:55 [018-Checkifitispossibletolisttheavailable project types.test.js] [31merror[39m: Falha na validação do esquema para a resposta dos tipos de projetos: must have required property 'id'
2024-08-15 15:20:56 [046 - VerifyExistingGroupsThroughSearch.test.js] [31merror[39m: Failed to add user 712020:d15a1605-4430-4b91-a7b1-5c958b6ff0bc to group undefined. Status: 404
2024-08-15 15:20:56 [044-Verify addingAUserToASpecificGroup.test.js] [31merror[39m: Failed to add user 712020:d15a1605-4430-4b91-a7b1-5c958b6ff0bc to group undefined. Status: 404
2024-08-15 15:20:56 [046 - VerifyExistingGroupsThroughSearch.test.js] [31merror[39m: No group ID available for deletion.
2024-08-15 15:20:56 [044-Verify addingAUserToASpecificGroup.test.js] [31merror[39m: Schema validation failed: must have required property 'self'
2024-08-15 15:20:56 [031-CreatingIssueProject.test.js] [31merror[39m: Group verification failed. Status:
2024-08-15 15:20:56 [044-Verify addingAUserToASpecificGroup.test.js] [31merror[39m: No group ID available for deletion.
2024-08-15 15:20:57 [042-VerifyDeletionOfAGroup.test.js] [31merror[39m: Group aa6d1e83-9d87-4399-8b76-b4acfbc9a033 still exists.
2024-08-15 15:20:57 [031-CreatingIssueProject.test.js] [31merror[39m: Failed to add user 712020:d15a1605-4430-4b91-a7b1-5c958b6ff0bc to group aa6d1e83-9d87-4399-8b76-b4acfbc9a033. Status: 404
2024-08-15 15:20:57 [043-VerifyUsersBelongingToASpecificGroup.test.js] [31merror[39m: Failed to add user 712020:d15a1605-4430-4b91-a7b1-5c958b6ff0bc to group aa6d1e83-9d87-4399-8b76-b4acfbc9a033. Status: 404
2024-08-15 15:20:58 [045 - VerifyRemovalOfUserFromSpecificGroup.test.js] [31merror[39m: Failed to delete group aa6d1e83-9d87-4399-8b76-b4acfbc9a033. Status: 400
2024-08-15 16:02:39 [018-Checkifitispossibletolisttheavailable project types.test.js] [31merror[39m: Falha na validação do esquema para a resposta dos tipos de projetos: must have required property 'id'
2024-08-15 16:02:39 [017-CheckifitispossibletosearchforaprojectbyitsID.test.js] [31merror[39m: Falha na validação do schema para criação de projeto: must have required property 'id'
2024-08-15 16:02:39 [017-CheckifitispossibletosearchforaprojectbyitsID.test.js] [31merror[39m: Nenhum ID de projeto disponível para verificação.
2024-08-15 16:02:40 [044-Verify addingAUserToASpecificGroup.test.js] [31merror[39m: Failed to add user 712020:d15a1605-4430-4b91-a7b1-5c958b6ff0bc to group undefined. Status: 404
2024-08-15 16:02:40 [044-Verify addingAUserToASpecificGroup.test.js] [31merror[39m: -schemaValidator- Response does not match schema. Validation errors:
2024-08-15 16:02:40 [044-Verify addingAUserToASpecificGroup.test.js] [31merror[39m: The API response does not contain the `values` array.
2024-08-15 16:02:40 [044-Verify addingAUserToASpecificGroup.test.js] [31merror[39m: No group ID available for deletion.
2024-08-15 16:02:41 [045 - VerifyRemovalOfUserFromSpecificGroup.test.js] [31merror[39m: Failed to add user 712020:d15a1605-4430-4b91-a7b1-5c958b6ff0bc to group 391a6b89-ecbc-4bee-accd-1c36e25efd4f. Status: 404
2024-08-15 16:02:41 [043-VerifyUsersBelongingToASpecificGroup.test.js] [31merror[39m: Schema validation failed: [object Object]
2024-08-15 16:02:41 [045 - VerifyRemovalOfUserFromSpecificGroup.test.js] [31merror[39m: Failed to delete group 391a6b89-ecbc-4bee-accd-1c36e25efd4f. Status: 404
2024-08-15 16:02:41 [043-VerifyUsersBelongingToASpecificGroup.test.js] [31merror[39m: Failed to delete group 391a6b89-ecbc-4bee-accd-1c36e25efd4f. Status: 404
2024-08-15 16:02:43 [046 - VerifyExistingGroupsThroughSearch.test.js] [31merror[39m: Failed to add user 712020:d15a1605-4430-4b91-a7b1-5c958b6ff0bc to group undefined. Status: 404
2024-08-15 16:02:43 [046 - VerifyExistingGroupsThroughSearch.test.js] [31merror[39m: No group ID available for deletion.
2024-08-15 16:05:10 [017-CheckifitispossibletosearchforaprojectbyitsID.test.js] [31merror[39m: Falha na validação do schema para criação de projeto: must have required property 'id'
2024-08-15 16:05:10 [017-CheckifitispossibletosearchforaprojectbyitsID.test.js] [31merror[39m: Nenhum ID de projeto disponível para verificação.
2024-08-15 16:05:10 [018-Checkifitispossibletolisttheavailable project types.test.js] [31merror[39m: Falha na validação do esquema para a resposta dos tipos de projetos: must have required property 'id'
2024-08-15 16:05:11 [041-VerifyTheCreationOfAGroup.test.js] [31merror[39m: Group verification failed. Status:
2024-08-15 16:05:11 [041-VerifyTheCreationOfAGroup.test.js] [31merror[39m: -schemaValidator- Group verification failed. Status:
2024-08-15 16:05:11 [041-VerifyTheCreationOfAGroup.test.js] [31merror[39m: No group ID available for deletion.
2024-08-15 16:05:11 [042-VerifyDeletionOfAGroup.test.js] [31merror[39m: Schema validation failed for group creation: must have required property 'groupId'
2024-08-15 16:05:11 [042-VerifyDeletionOfAGroup.test.js] [31merror[39m: No group ID available for verification.
2024-08-15 16:05:12 [040-DeleteCommentIssue.test.js] [31merror[39m: Failed to add user 712020:d15a1605-4430-4b91-a7b1-5c958b6ff0bc to group 512ac87c-5551-4c16-bf68-35c708d46c49. Status: 400
2024-08-15 16:05:13 [045 - VerifyRemovalOfUserFromSpecificGroup.test.js] [31merror[39m: Group verification failed. Status: 404
2024-08-15 16:05:13 [045 - VerifyRemovalOfUserFromSpecificGroup.test.js] [31merror[39m: Failed to delete group 512ac87c-5551-4c16-bf68-35c708d46c49. Status: 404
2024-08-15 16:05:16 [044-Verify addingAUserToASpecificGroup.test.js] [31merror[39m: Failed to delete group 45e6d54d-180d-45b8-a155-f2ca98fc4935. Status: 400
2024-08-15 16:12:30 [018-Checkifitispossibletolisttheavailable project types.test.js] [31merror[39m: Falha na validação do esquema para a resposta dos tipos de projetos: must have required property 'id'
2024-08-15 16:12:30 [017-CheckifitispossibletosearchforaprojectbyitsID.test.js] [31merror[39m: Falha na validação do schema para criação de projeto: must have required property 'id'
2024-08-15 16:12:30 [017-CheckifitispossibletosearchforaprojectbyitsID.test.js] [31merror[39m: Nenhum ID de projeto disponível para verificação.
2024-08-15 16:12:31 [045 - VerifyRemovalOfUserFromSpecificGroup.test.js] [31merror[39m: Failed to add user 712020:d15a1605-4430-4b91-a7b1-5c958b6ff0bc to group undefined. Status: 404
2024-08-15 16:12:31 [042-VerifyDeletionOfAGroup.test.js] [31merror[39m: -schemaValidator- Response does not match schema. Validation errors:
2024-08-15 16:12:31 [045 - VerifyRemovalOfUserFromSpecificGroup.test.js] [31merror[39m: No group ID available for deletion.
2024-08-15 16:12:32 [040-DeleteCommentIssue.test.js] [31merror[39m: Failed to add user 712020:d15a1605-4430-4b91-a7b1-5c958b6ff0bc to group 4349a26c-75ab-4e6e-8a1c-1bfff1b07e18. Status: 400
2024-08-15 16:12:32 [043-VerifyUsersBelongingToASpecificGroup.test.js] [31merror[39m: Failed to delete group 4349a26c-75ab-4e6e-8a1c-1bfff1b07e18. Status: 404
2024-08-15 16:12:32 [046 - VerifyExistingGroupsThroughSearch.test.js] [31merror[39m: Failed to delete group 4349a26c-75ab-4e6e-8a1c-1bfff1b07e18. Status: 404
2024-08-15 16:12:32 [044-Verify addingAUserToASpecificGroup.test.js] [31merror[39m: Failed to delete group 4349a26c-75ab-4e6e-8a1c-1bfff1b07e18. Status: 400
2024-08-15 16:14:52 [018-Checkifitispossibletolisttheavailable project types.test.js] [31merror[39m: Falha na validação do esquema para a resposta dos tipos de projetos: must have required property 'id'
2024-08-15 16:14:52 [017-CheckifitispossibletosearchforaprojectbyitsID.test.js] [31merror[39m: Falha na validação do schema para criação de projeto: must have required property 'id'
2024-08-15 16:14:52 [017-CheckifitispossibletosearchforaprojectbyitsID.test.js] [31merror[39m: Nenhum ID de projeto disponível para verificação.
2024-08-15 16:14:53 [045 - VerifyRemovalOfUserFromSpecificGroup.test.js] [31merror[39m: Failed to add user 712020:d15a1605-4430-4b91-a7b1-5c958b6ff0bc to group undefined. Status: 404
2024-08-15 16:14:53 [041-VerifyTheCreationOfAGroup.test.js] [31merror[39m: Group verification failed. Status:
2024-08-15 16:14:53 [041-VerifyTheCreationOfAGroup.test.js] [31merror[39m: -schemaValidator- Group verification failed. Status:
2024-08-15 16:14:53 [041-VerifyTheCreationOfAGroup.test.js] [31merror[39m: No group ID available for deletion.
2024-08-15 16:14:53 [042-VerifyDeletionOfAGroup.test.js] [31merror[39m: -schemaValidator- Response does not match schema. Validation errors:
2024-08-15 16:14:53 [045 - VerifyRemovalOfUserFromSpecificGroup.test.js] [31merror[39m: No group ID available for deletion.
2024-08-15 16:14:53 [043-VerifyUsersBelongingToASpecificGroup.test.js] [31merror[39m: Failed to add user 712020:d15a1605-4430-4b91-a7b1-5c958b6ff0bc to group 494b83af-1c7d-441d-abf3-a16a0cc8e05f. Status: 400
2024-08-15 16:14:54 [043-VerifyUsersBelongingToASpecificGroup.test.js] [31merror[39m: Failed to delete group 494b83af-1c7d-441d-abf3-a16a0cc8e05f. Status: 404
2024-08-15 16:14:55 [046 - VerifyExistingGroupsThroughSearch.test.js] [31merror[39m: Failed to add user 712020:d15a1605-4430-4b91-a7b1-5c958b6ff0bc to group undefined. Status: 404
2024-08-15 16:14:56 [046 - VerifyExistingGroupsThroughSearch.test.js] [31merror[39m: No group ID available for deletion.
2024-08-15 16:21:48 [018-Checkifitispossibletolisttheavailable project types.test.js] [31merror[39m: -schemaValidator- Response does not match schema. Validation errors:
2024-08-15 16:21:48 [017-CheckifitispossibletosearchforaprojectbyitsID.test.js] [31merror[39m: -schemaValidator- Response does not match schema. Validation errors:
2024-08-15 16:21:48 [017-CheckifitispossibletosearchforaprojectbyitsID.test.js] [31merror[39m: Nenhum ID de projeto disponível para verificação.
2024-08-15 16:21:49 [044-Verify addingAUserToASpecificGroup.test.js] [31merror[39m: Failed to add user 712020:d15a1605-4430-4b91-a7b1-5c958b6ff0bc to group undefined. Status: 404
2024-08-15 16:21:49 [042-VerifyDeletionOfAGroup.test.js] [31merror[39m: -schemaValidator- Response does not match schema. Validation errors:
2024-08-15 16:21:49 [044-Verify addingAUserToASpecificGroup.test.js] [31merror[39m: -schemaValidator- Response does not match schema. Validation errors:
2024-08-15 16:21:49 [044-Verify addingAUserToASpecificGroup.test.js] [31merror[39m: The API response does not contain the `values` array.
2024-08-15 16:21:49 [044-Verify addingAUserToASpecificGroup.test.js] [31merror[39m: No group ID available for deletion.
2024-08-15 16:21:50 [045 - VerifyRemovalOfUserFromSpecificGroup.test.js] [31merror[39m: Group verification failed. Status: 404
2024-08-15 16:21:50 [045 - VerifyRemovalOfUserFromSpecificGroup.test.js] [31merror[39m: Failed to delete group 7233633d-a1a7-42ff-92d0-70dc73d4126c. Status: 404
2024-08-15 16:21:52 [043-VerifyUsersBelongingToASpecificGroup.test.js] [31merror[39m: -schemaValidator- Response does not match schema. Validation errors:
2024-08-15 16:21:52 [043-VerifyUsersBelongingToASpecificGroup.test.js] [31merror[39m: The API response does not contain the 'values' property.
2024-08-15 16:21:53 [046 - VerifyExistingGroupsThroughSearch.test.js] [31merror[39m: Failed to delete group 2cf2b910-2692-4974-807b-63a13069d437. Status: 404
2024-08-15 16:21:53 [043-VerifyUsersBelongingToASpecificGroup.test.js] [31merror[39m: Failed to delete group 2cf2b910-2692-4974-807b-63a13069d437. Status: 404
2024-08-15 16:35:31 [017-CheckifitispossibletosearchforaprojectbyitsID.test.js] [31merror[39m: -schemaValidator- Response does not match schema. Validation errors:
2024-08-15 16:35:31 [017-CheckifitispossibletosearchforaprojectbyitsID.test.js] [31merror[39m: Nenhum ID de projeto disponível para verificação.
2024-08-15 16:35:32 [043-VerifyUsersBelongingToASpecificGroup.test.js] [31merror[39m: Failed to add user 712020:d15a1605-4430-4b91-a7b1-5c958b6ff0bc to group undefined. Status: 404
2024-08-15 16:35:32 [041-VerifyTheCreationOfAGroup.test.js] [31merror[39m: Group verification failed. Status:
2024-08-15 16:35:32 [041-VerifyTheCreationOfAGroup.test.js] [31merror[39m: -schemaValidator- Group verification failed. Status:
2024-08-15 16:35:32 [041-VerifyTheCreationOfAGroup.test.js] [31merror[39m: No group ID available for deletion.
2024-08-15 16:35:32 [043-VerifyUsersBelongingToASpecificGroup.test.js] [31merror[39m: -schemaValidator- Response does not match schema. Validation errors:
2024-08-15 16:35:32 [043-VerifyUsersBelongingToASpecificGroup.test.js] [31merror[39m: The API response does not contain the 'values' property.
2024-08-15 16:35:32 [043-VerifyUsersBelongingToASpecificGroup.test.js] [31merror[39m: No group ID available for deletion.
2024-08-15 16:35:32 [042-VerifyDeletionOfAGroup.test.js] [31merror[39m: No group ID available for verification.
2024-08-15 16:35:33 [045 - VerifyRemovalOfUserFromSpecificGroup.test.js] [31merror[39m: Group verification failed. Status: 404
2024-08-15 16:35:34 [045 - VerifyRemovalOfUserFromSpecificGroup.test.js] [31merror[39m: Failed to delete group 3284e1de-cf57-4835-82ca-7334469f9484. Status: 404
2024-08-15 16:35:34 [018-Checkifitispossibletolisttheavailable project types.test.js] [31merror[39m: -schemaValidator- Response does not match schema. Validation errors:
2024-08-15 16:37:19 [042-VerifyDeletionOfAGroup.test.js] [31merror[39m: -schemaValidator- Response does not match schema. Validation errors:
2024-08-15 16:38:11 [042-VerifyDeletionOfAGroup.test.js] [31merror[39m: -schemaValidator- Response does not match schema. Validation errors:
2024-08-15 16:39:40 [042-VerifyDeletionOfAGroup.test.js] [31merror[39m: -schemaValidator- Response does not match schema. Validation errors:
2024-08-15 16:39:40 [042-VerifyDeletionOfAGroup.test.js] [31merror[39m: -schemaValidator- Response does not match schema. Validation errors:
2024-08-15 16:42:49 [042-VerifyDeletionOfAGroup.test.js] [31merror[39m: -schemaValidator- Response does not match schema. Validation errors:
2024-08-15 16:43:40 [042-VerifyDeletionOfAGroup.test.js] [31merror[39m: -schemaValidator- Response does not match schema. Validation errors:
2024-08-15 16:48:51 [042-VerifyDeletionOfAGroup.test.js] [31merror[39m: Group cc246993-87c1-4bd4-86f7-2f2aebaa14f1 still exists.
2024-08-15 16:49:21 [042-VerifyDeletionOfAGroup.test.js] [31merror[39m: No group ID available for verification.
2024-08-15 16:50:13 [042-VerifyDeletionOfAGroup.test.js] [31merror[39m: -schemaValidator- Response does not match schema. Validation errors:
2024-08-15 16:50:13 [042-VerifyDeletionOfAGroup.test.js] [31merror[39m: No group ID available for verification.
2024-08-15 16:53:11 [042-VerifyDeletionOfAGroup.test.js] [31merror[39m: No group ID available for verification.
2024-08-15 16:54:08 [042-VerifyDeletionOfAGroup.test.js] [31merror[39m: No group ID available for verification.
2024-08-15 16:54:53 [042-VerifyDeletionOfAGroup.test.js] [31merror[39m: No group ID available for verification.
